{
  "stats": {
    "suites": 1,
    "tests": 4,
    "passes": 4,
    "pending": 0,
    "failures": 0,
    "start": "2026-06-20T23:47:02.484Z",
    "end": "2026-06-20T23:47:02.489Z",
    "duration": 5,
    "testsRegistered": 4,
    "passPercent": 100,
    "pendingPercent": 0,
    "other": 0,
    "hasOther": false,
    "skipped": 0,
    "hasSkipped": false
  },
  "results": [
    {
      "uuid": "ff9ab4b9-b19d-4e5f-9f5a-e47ed7c32913",
      "title": "",
      "fullFile": "C:\\Users\\becam\\Documents\\Pós-graduação em Automação de Testes de Software  PGATS\\trabalhoConclusao\\test\\trabalhoConclusao.test.js",
      "file": "\\test\\trabalhoConclusao.test.js",
      "beforeHooks": [],
      "afterHooks": [],
      "tests": [],
      "suites": [
        {
          "uuid": "1ab52e24-0a9f-41bb-83b7-04c5e3fa4cb9",
          "title": "Testes classe de Pagamentos",
          "fullFile": "C:\\Users\\becam\\Documents\\Pós-graduação em Automação de Testes de Software  PGATS\\trabalhoConclusao\\test\\trabalhoConclusao.test.js",
          "file": "\\test\\trabalhoConclusao.test.js",
          "beforeHooks": [],
          "afterHooks": [],
          "tests": [
            {
              "title": "Validar que o pagamento é adicionado à lista de pagamentos",
              "fullTitle": "Testes classe de Pagamentos Validar que o pagamento é adicionado à lista de pagamentos",
              "timedOut": false,
              "duration": 0,
              "state": "passed",
              "speed": "fast",
              "pass": true,
              "fail": false,
              "pending": false,
              "context": null,
              "code": "// Arrange\n       const servicoDePagamento = new ServicoDePagamento();\n       // Act\n       servicoDePagamento.pagar('0987-7656-3475', 'Samar', 156.87);\n       const pagamentos = servicoDePagamento.consultarUltimoPagamento();\n       // Assert\n       assert.equal(pagamentos.codigoBarras, '0987-7656-3475');\n       assert.equal(pagamentos.empresa, 'Samar');\n       assert.equal(pagamentos.valor, 156.87)",
              "err": {},
              "uuid": "bd920dcb-ab84-47e8-9eb4-73fcad67dd32",
              "parentUUID": "1ab52e24-0a9f-41bb-83b7-04c5e3fa4cb9",
              "isHook": false,
              "skipped": false
            },
            {
              "title": "Validar que o pagamento exibido é o último",
              "fullTitle": "Testes classe de Pagamentos Validar que o pagamento exibido é o último",
              "timedOut": false,
              "duration": 0,
              "state": "passed",
              "speed": "fast",
              "pass": true,
              "fail": false,
              "pending": false,
              "context": null,
              "code": "// Arrange\n       const servicoDePagamento = new ServicoDePagamento();\n       // Act\n       servicoDePagamento.pagar('0987-7656-3475', 'Samar', 156.87);\n       servicoDePagamento.pagar('0232-1133-4523', 'Netflix', 70.00);\n       servicoDePagamento.pagar('0938-2311-1344', 'Disney', 180.98);\n       servicoDePagamento.pagar('0255-2455-2211', 'Amazon', 300.50);\n       const pagamentos = servicoDePagamento.consultarUltimoPagamento();\n       // Assert\n       assert.equal(pagamentos.codigoBarras, '0255-2455-2211');\n       assert.equal(pagamentos.empresa, 'Amazon');\n       assert.equal(pagamentos.valor, 300.50)",
              "err": {},
              "uuid": "f5e7976a-45da-4d3a-8a7e-9537ee3e8673",
              "parentUUID": "1ab52e24-0a9f-41bb-83b7-04c5e3fa4cb9",
              "isHook": false,
              "skipped": false
            },
            {
              "title": "Validar exibição correta da categoria Cara",
              "fullTitle": "Testes classe de Pagamentos Validar exibição correta da categoria Cara",
              "timedOut": false,
              "duration": 0,
              "state": "passed",
              "speed": "fast",
              "pass": true,
              "fail": false,
              "pending": false,
              "context": null,
              "code": "// Arrange\n       const servicoDePagamento = new ServicoDePagamento();\n       // Act\n       servicoDePagamento.pagar('0987-7656-3475', 'Samar', 156.87);\n       const pagamentos = servicoDePagamento.consultarUltimoPagamento();\n       // Assert\n       assert.equal(pagamentos.categoria, 'cara');",
              "err": {},
              "uuid": "05f7d815-0137-4a34-895f-1f1bcec2bcf5",
              "parentUUID": "1ab52e24-0a9f-41bb-83b7-04c5e3fa4cb9",
              "isHook": false,
              "skipped": false
            },
            {
              "title": "Validar exibição correta da categoria Padrão",
              "fullTitle": "Testes classe de Pagamentos Validar exibição correta da categoria Padrão",
              "timedOut": false,
              "duration": 0,
              "state": "passed",
              "speed": "fast",
              "pass": true,
              "fail": false,
              "pending": false,
              "context": null,
              "code": "// Arrange\n       const servicoDePagamento = new ServicoDePagamento();\n       // Act\n       servicoDePagamento.pagar('0987-7656-3475', 'Samar', 50.00);\n       const pagamentos = servicoDePagamento.consultarUltimoPagamento();\n       // Assert\n       assert.equal(pagamentos.categoria, 'padrão');",
              "err": {},
              "uuid": "74f0c178-343d-41a9-83ec-6e4b1dcd517c",
              "parentUUID": "1ab52e24-0a9f-41bb-83b7-04c5e3fa4cb9",
              "isHook": false,
              "skipped": false
            }
          ],
          "suites": [],
          "passes": [
            "bd920dcb-ab84-47e8-9eb4-73fcad67dd32",
            "f5e7976a-45da-4d3a-8a7e-9537ee3e8673",
            "05f7d815-0137-4a34-895f-1f1bcec2bcf5",
            "74f0c178-343d-41a9-83ec-6e4b1dcd517c"
          ],
          "failures": [],
          "pending": [],
          "skipped": [],
          "duration": 0,
          "root": false,
          "rootEmpty": false,
          "_timeout": 2000
        }
      ],
      "passes": [],
      "failures": [],
      "pending": [],
      "skipped": [],
      "duration": 0,
      "root": true,
      "rootEmpty": true,
      "_timeout": 2000
    }
  ],
  "meta": {
    "mocha": {
      "version": "11.7.6"
    },
    "mochawesome": {
      "options": {
        "quiet": false,
        "reportFilename": "mochawesome",
        "saveHtml": true,
        "saveJson": true,
        "consoleReporter": "spec",
        "useInlineDiffs": false,
        "code": true
      },
      "version": "7.1.4"
    },
    "marge": {
      "options": null,
      "version": "6.3.2"
    }
  }
}